4	s00124-3297-08-03-18-27n.hea.csv
152	s00124-3297-08-03-21-51n.hea.csv
84	s00124-3297-08-04-15-23n.hea.csv
288	s00263-2931-11-13-23-52n.hea.csv
92	s00263-2931-11-15-19-57n.hea.csv
4	s00292-3050-10-10-16-50n.hea.csv
104	s00302-3023-04-11-23-00n.hea.csv
4	s00439-3242-12-28-03-07n.hea.csv
144	s00439-3242-12-28-20-29n.hea.csv
24	s00700-3192-03-12-06-15n.hea.csv
664	s00710-3234-03-20-17-20n.hea.csv
124	s00719-3416-08-25-23-53n.hea.csv
108	s00886-3429-04-19-10-27n.hea.csv
132	s00901-3079-01-21-18-13n.hea.csv
260	s01028-3459-03-23-15-41n.hea.csv
12	s01044-2733-05-27-16-13n.hea.csv
4	s01280-3391-10-19-15-20n.hea.csv
4	s01521-3276-04-17-19-22n.hea.csv
4	s01551-3079-08-17-22-37n.hea.csv
4	s01557-2646-01-13-14-26n.hea.csv
64	s01613-3089-03-05-08-55n.hea.csv
212	s01888-3143-02-09-12-11n.hea.csv
908	s01950-3274-06-27-15-04n.hea.csv
4	s02228-3347-07-15-14-22n.hea.csv
252	s02264-2918-04-11-20-16n.hea.csv
40	s02264-2918-04-13-17-57n.hea.csv
32	s02332-3037-04-16-20-58n.hea.csv
80	s02389-3040-03-10-18-46n.hea.csv
4	s02477-3364-06-06-12-55n.hea.csv
108	s02477-3364-06-06-14-54n.hea.csv
4	s02477-3364-06-07-19-54n.hea.csv
168	s02549-2766-03-19-11-09n.hea.csv
4	s02633-2563-07-24-21-16n.hea.csv
100	s02653-3182-09-14-11-12n.hea.csv
1080	s02700-3028-12-03-14-31n.hea.csv
44	s02846-2913-10-14-12-43n.hea.csv
272	s02996-3138-05-07-23-12n.hea.csv
4	s03214-3353-07-31-23-21n.hea.csv
800	s03245-2657-12-11-21-30n.hea.csv
1792	s03372-2689-03-18-09-22n.hea.csv
608	s03424-3271-03-10-08-31n.hea.csv
4	s03521-2815-10-16-11-19n.hea.csv
280	s03586-2673-02-19-06-16n.hea.csv
420	s03622-2665-04-13-14-21n.hea.csv
224	s03652-3396-11-15-18-18n.hea.csv
4	s03675-3283-10-20-15-59n.hea.csv
168	s03680-3289-08-03-18-49n.hea.csv
280	s03680-3289-08-04-13-00n.hea.csv
252	s03745-3024-06-27-13-23n.hea.csv
108	s03746-2831-02-25-15-32n.hea.csv
4	s03986-3063-04-30-15-23n.hea.csv
3568	s04064-2660-08-07-19-26n.hea.csv
2248	s04064-2660-08-21-19-53n.hea.csv
1944	s04064-2660-08-30-18-01n.hea.csv
1004	s04064-2660-09-07-14-29n.hea.csv
332	s04068-2856-10-23-23-32n.hea.csv
396	s04248-3249-08-02-04-47n.hea.csv
196	s04263-3495-10-23-16-29n.hea.csv
540	s04263-3495-10-25-18-32n.hea.csv
64	s04436-3436-10-02-22-45n.hea.csv
296	s04462-3323-03-25-07-04n.hea.csv
52	s04481-2991-10-11-21-42n.hea.csv
4	s04568-3496-06-16-20-33n.hea.csv
8	s04593-3113-04-24-14-21n.hea.csv
20	s04593-3113-04-24-16-32n.hea.csv
28	s04803-3245-08-09-16-16n.hea.csv
4	s04853-3266-10-01-16-30n.hea.csv
660	s04860-3179-01-25-20-39n.hea.csv
944	s05239-3264-04-16-19-12n.hea.csv
24	s05289-3007-07-15-18-49n.hea.csv
4	s05400-3198-05-15-21-02n.hea.csv
120	s05400-3198-05-16-06-39n.hea.csv
260	s05442-3009-11-17-21-22n.hea.csv
36	s05574-2888-10-28-15-20n.hea.csv
40	s05574-2888-10-29-05-07n.hea.csv
4	s05591-3486-05-19-03-02n.hea.csv
4	s05618-2796-01-22-19-30n.hea.csv
4	s05632-3496-08-27-18-57n.hea.csv
4	s05632-3496-08-28-08-57n.hea.csv
160	s05632-3496-08-28-10-35n.hea.csv
4	s05637-2930-08-27-18-51n.hea.csv
16	s05645-3121-05-23-17-49n.hea.csv
4	s05701-3150-01-03-19-59n.hea.csv
4	s05784-2558-09-22-20-21n.hea.csv
96	s05786-2825-09-20-11-22n.hea.csv
176	s05786-2825-09-21-01-12n.hea.csv
4	s06010-3447-11-08-15-10n.hea.csv
4	s06204-3443-09-11-02-19n.hea.csv
4	s06229-2820-11-27-17-14n.hea.csv
4	s06256-2935-10-16-15-35n.hea.csv
264	s06382-3288-03-16-12-00n.hea.csv
4	s06407-2683-04-26-16-43n.hea.csv
180	s06555-2617-08-12-08-33n.hea.csv
324	s06555-2617-08-13-14-45n.hea.csv
792	s06555-2617-08-15-16-16n.hea.csv
16	s06576-2841-10-19-10-34n.hea.csv
12	s06667-3231-03-28-15-15n.hea.csv
148	s06868-3271-11-10-12-05n.hea.csv
192	s06869-3308-08-31-13-00n.hea.csv
76	s06933-3355-11-21-05-35n.hea.csv
628	s06933-3355-11-21-22-58n.hea.csv
16	s06953-3303-06-12-15-28n.hea.csv
12	s07048-3057-03-14-18-27n.hea.csv
2152	s07051-3327-11-07-02-51n.hea.csv
12	s07217-2731-02-27-20-34n.hea.csv
460	s07262-3486-04-11-15-06n.hea.csv
356	s07262-3486-04-13-19-01n.hea.csv
4	s07297-3300-08-25-00-32n.hea.csv
4	s07360-3271-07-02-11-58n.hea.csv
4	s07397-2557-03-26-00-32n.hea.csv
80	s07427-3101-05-13-02-00n.hea.csv
276	s07470-3004-01-02-00-32n.hea.csv
1420	s07519-3191-10-23-01-13n.hea.csv
232	s07521-3192-11-26-02-05n.hea.csv
224	s07542-3171-02-03-16-53n.hea.csv
568	s07651-2980-10-20-15-57n.hea.csv
6176	s07654-3050-12-16-20-50n.hea.csv
44	s07728-3491-04-10-00-06n.hea.csv
1420	s07897-2653-11-27-10-42n.hea.csv
4	s07910-3268-05-18-18-51n.hea.csv
420	s07977-3336-01-17-14-20n.hea.csv
92	s08009-2814-10-19-20-00n.hea.csv
200	s08100-2804-07-26-19-00n.hea.csv
4	s08100-2804-07-26-21-43n.hea.csv
108	s08122-2756-04-02-18-31n.hea.csv
8	s08267-2959-04-26-15-42n.hea.csv
16	s08267-2959-04-26-19-43n.hea.csv
4	s08272-3167-08-08-14-31n.hea.csv
220	s08532-3464-06-01-13-16n.hea.csv
792	s08905-3437-02-27-22-15n.hea.csv
220	s09070-3459-04-18-18-06n.hea.csv
20	s09176-3282-07-13-14-24n.hea.csv
348	s09178-2764-07-26-15-49n.hea.csv
4	s09178-2764-07-28-08-04n.hea.csv
24	s09178-2764-07-28-09-09n.hea.csv
184	s09358-2679-06-24-18-03n.hea.csv
120	s09361-2730-11-06-23-46n.hea.csv
196	s09366-3078-03-30-21-08n.hea.csv
28	s09486-3328-10-07-10-45n.hea.csv
1200	s09595-3125-10-14-20-39n.hea.csv
148	s09630-2752-03-01-10-42n.hea.csv
232	s09630-2752-03-02-10-17n.hea.csv
148	s09630-2752-03-04-17-34n.hea.csv
348	s09714-2607-04-20-19-58n.hea.csv
32	s09783-2934-04-12-01-03n.hea.csv
280	s09950-2888-04-03-19-44n.hea.csv
148	s10086-2925-02-14-20-09n.hea.csv
129940	s10152-3325-01-13-03-41n.hea.csv
384	s10564-2775-10-31-15-51n.hea.csv
8	s10652-2544-09-04-02-52n.hea.csv
108	s10995-3066-11-26-23-09n.hea.csv
144	s11032-2775-09-26-17-09n.hea.csv
11824	s11154-3346-03-30-18-21n.hea.csv
4	s11191-3196-03-06-18-52n.hea.csv
640	s11191-3196-03-06-21-04n.hea.csv
324	s11347-2524-03-10-10-57n.hea.csv
424	s11473-3405-10-26-15-43n.hea.csv
4	s11509-2712-10-23-19-57n.hea.csv
172	s11509-2712-10-24-00-57n.hea.csv
512	s11600-2644-10-07-18-15n.hea.csv
204	s11694-3409-02-15-19-56n.hea.csv
44	s11752-2987-12-25-15-58n.hea.csv
56	s11829-2740-08-23-12-00n.hea.csv
168	s11829-2740-08-23-21-56n.hea.csv
260	s11829-2740-08-25-03-51n.hea.csv
28	s11829-2740-08-26-16-11n.hea.csv
444	s11829-2740-08-26-23-00n.hea.csv
4	s11951-2560-10-10-22-21n.hea.csv
4	s11995-2617-10-01-20-50n.hea.csv
4	s12102-2713-09-09-04-39n.hea.csv
4	s12112-3413-10-27-23-28n.hea.csv
212	s12171-2906-11-09-01-38n.hea.csv
88	s12171-2906-11-10-09-56n.hea.csv
4	s12171-2906-11-11-11-29n.hea.csv
4	s12171-2906-11-11-14-44n.hea.csv
480	s12171-2906-11-11-17-42n.hea.csv
1160	s12215-2950-01-06-05-35n.hea.csv
4	s12267-3400-04-11-17-24n.hea.csv
24	s12331-3444-10-23-23-56n.hea.csv
156	s12331-3444-10-24-06-33n.hea.csv
804	s12352-2579-09-30-19-54n.hea.csv
296	s12371-2863-03-10-18-27n.hea.csv
8	s12372-2549-10-03-16-25n.hea.csv
540	s12461-2663-04-28-20-29n.hea.csv
11472	s12632-2507-11-06-18-26n.hea.csv
28	s12798-3180-02-18-14-04n.hea.csv
4	s12915-2829-12-14-20-47n.hea.csv
144	s12920-3358-04-30-00-52n.hea.csv
4	s12947-3286-07-19-20-57n.hea.csv
172	s13033-3412-09-05-08-29n.hea.csv
80	s13191-2967-08-08-06-30n.hea.csv
324	s13489-2834-02-26-04-24n.hea.csv
60	s13508-3184-06-19-18-33n.hea.csv
416	s13837-2870-03-12-14-47n.hea.csv
96	s14059-2671-10-17-12-30n.hea.csv
768	s14298-3134-10-28-21-18n.hea.csv
476	s14542-3406-06-20-12-35n.hea.csv
64	s14561-3108-11-19-11-06n.hea.csv
4	s14728-3304-09-08-19-29n.hea.csv
4	s14772-3085-10-18-22-13n.hea.csv
4	s14822-3001-09-05-18-50n.hea.csv
80	s14824-3061-07-21-02-00n.hea.csv
36	s14836-3180-01-31-12-54n.hea.csv
4	s14897-3126-02-19-17-10n.hea.csv
1148	s14919-2805-04-03-01-50n.hea.csv
4	s14935-2521-09-19-20-40n.hea.csv
4	s14946-2541-11-11-21-24n.hea.csv
328	s14946-2541-11-11-22-53n.hea.csv
96	s14975-3045-01-11-11-39n.hea.csv
4	s15329-2647-11-16-15-13n.hea.csv
312	s15385-2732-04-23-10-42n.hea.csv
4	s15426-3477-05-28-03-09n.hea.csv
4	s15509-3447-10-12-04-28n.hea.csv
4	s15567-2946-07-29-23-00n.hea.csv
192	s15567-2946-08-01-14-37n.hea.csv
652	s15567-2946-08-02-14-26n.hea.csv
4	s15610-3381-06-19-12-00n.hea.csv
116	s15703-3238-11-25-21-21n.hea.csv
104	s15810-3239-01-15-17-19n.hea.csv
548	s15838-3191-09-27-18-22n.hea.csv
4	s15903-2570-09-19-15-08n.hea.csv
428	s15929-3013-10-16-00-22n.hea.csv
60	s15963-3381-02-28-02-22n.hea.csv
4	s16286-3014-10-08-19-46n.hea.csv
200	s16353-3144-06-29-18-58n.hea.csv
120	s16399-2910-11-06-13-15n.hea.csv
8	s16399-2910-11-07-14-25n.hea.csv
160	s16399-2910-11-07-16-51n.hea.csv
4	s16581-2753-10-19-15-52n.hea.csv
8	s16639-3079-09-11-12-49n.hea.csv
124	s16677-2754-12-28-17-30n.hea.csv
4	s16810-3355-02-18-07-52n.hea.csv
8	s16873-2636-05-16-12-09n.hea.csv
144	s16915-3374-01-03-00-59n.hea.csv
144	s17231-3412-03-08-19-13n.hea.csv
16	s17285-2667-10-25-21-42n.hea.csv
812	s17285-2667-10-26-08-58n.hea.csv
92	s17337-3475-03-16-19-53n.hea.csv
88	s17366-2585-10-16-02-24n.hea.csv
1216	s17440-2890-03-22-21-21n.hea.csv
52	s17696-3370-11-04-22-31n.hea.csv
4	s18035-3325-05-03-18-44n.hea.csv
4	s18166-3435-06-04-05-27n.hea.csv
32	s18166-3435-06-04-06-38n.hea.csv
4	s18219-2916-09-08-04-42n.hea.csv
4	s18401-3490-02-13-17-05n.hea.csv
920	s18401-3490-02-13-18-55n.hea.csv
244	s18413-3047-06-23-13-18n.hea.csv
24	s18584-3310-03-01-21-15n.hea.csv
4	s18687-3208-07-03-15-28n.hea.csv
4	s18818-3106-11-15-01-19n.hea.csv
244	s18818-3106-11-15-12-13n.hea.csv
452	s18942-3163-12-27-15-59n.hea.csv
20	s18998-3186-09-18-20-08n.hea.csv
24	s19012-3358-04-20-03-22n.hea.csv
280	s19031-3012-07-06-17-02n.hea.csv
468	s19031-3012-07-09-18-01n.hea.csv
4	s19145-2933-03-03-19-50n.hea.csv
768	s19297-2702-01-30-14-01n.hea.csv
1148	s19538-3094-11-29-12-36n.hea.csv
17420	s19608-3453-01-24-04-57n.hea.csv
4	s19644-3443-09-26-00-46n.hea.csv
264	s19655-3027-12-23-14-13n.hea.csv
432	s19898-2508-12-03-03-02n.hea.csv
4	s19936-3137-04-05-08-46n.hea.csv
164	s20095-3215-02-12-16-00n.hea.csv
72	s20128-2700-04-24-14-09n.hea.csv
4	s20128-2700-04-25-15-59n.hea.csv
232	s20249-3103-09-22-16-00n.hea.csv
472	s20268-3076-01-11-19-38n.hea.csv
424	s20303-2560-02-22-19-21n.hea.csv
324	s20450-3242-03-04-04-25n.hea.csv
104	s20482-2940-04-07-21-36n.hea.csv
456	s20846-2570-04-23-10-07n.hea.csv
176	s20919-2512-06-30-18-02n.hea.csv
4	s20922-3173-01-04-12-29n.hea.csv
264	s20929-2900-02-20-10-26n.hea.csv
952	s20929-2900-02-21-16-15n.hea.csv
60	s21025-3501-01-28-05-40n.hea.csv
404	s21050-3273-03-19-20-25n.hea.csv
32	s21050-3273-03-22-13-00n.hea.csv
12	s21050-3273-03-22-19-46n.hea.csv
4	s21179-3210-01-18-16-56n.hea.csv
588	s21419-3163-02-15-22-55n.hea.csv
4	s21483-3415-02-02-00-21n.hea.csv
184	s21507-2744-03-02-12-57n.hea.csv
1084	s21507-2744-03-03-11-04n.hea.csv
616	s21507-2744-03-08-17-48n.hea.csv
104	s21642-2698-12-16-15-12n.hea.csv
88	s21673-3325-02-19-00-33n.hea.csv
4	s21766-3336-05-22-17-05n.hea.csv
20	s21775-3360-08-07-21-59n.hea.csv
108	s21797-2603-02-10-18-44n.hea.csv
16	s21920-2538-09-06-12-00n.hea.csv
4	s21920-2538-09-06-23-35n.hea.csv
1060	s21968-2591-12-31-16-29n.hea.csv
148	s22322-2603-12-14-15-03n.hea.csv
4	s22664-3047-02-06-14-50n.hea.csv
120	s22664-3047-02-06-17-57n.hea.csv
4	s22791-2771-11-10-20-02n.hea.csv
4	s22791-2771-11-10-23-12n.hea.csv
1084	s22801-2918-02-03-16-00n.hea.csv
168	s23034-2933-03-02-20-57n.hea.csv
144	s23154-2906-12-06-12-23n.hea.csv
128	s23166-2679-10-05-04-41n.hea.csv
564	s23603-2929-06-14-00-32n.hea.csv
4	s23675-3441-08-26-00-51n.hea.csv
756	s23687-3395-11-23-09-54n.hea.csv
4	s23869-2728-10-29-07-54n.hea.csv
492	s23869-2728-10-30-14-28n.hea.csv
284	s23890-2832-10-25-12-55n.hea.csv
4	s23907-3278-07-27-13-20n.hea.csv
216	s23907-3278-07-27-14-49n.hea.csv
4	s24030-2588-05-17-15-52n.hea.csv
1216	s24063-3016-12-09-20-04n.hea.csv
56	s24282-2733-03-29-17-33n.hea.csv
132	s24283-2965-04-29-21-59n.hea.csv
108	s24605-3114-10-16-06-00n.hea.csv
4	s24748-3403-05-06-14-23n.hea.csv
8	s24792-3360-11-05-06-28n.hea.csv
648	s24828-2568-02-25-16-01n.hea.csv
488	s24828-2568-02-29-17-03n.hea.csv
4	s25016-2585-08-29-18-08n.hea.csv
44	s25016-2585-08-29-20-28n.hea.csv
152	s25141-3229-11-22-00-24n.hea.csv
84	s25167-2621-10-14-20-10n.hea.csv
328	s25297-2930-06-12-14-00n.hea.csv
96	s25297-2930-06-15-17-08n.hea.csv
8	s25297-2930-06-16-15-26n.hea.csv
312	s25297-2930-06-16-20-07n.hea.csv
4	s25466-3221-10-20-06-59n.hea.csv
488	s25466-3221-10-20-12-13n.hea.csv
248	s25506-3398-02-20-19-22n.hea.csv
4	s25575-3203-10-23-15-33n.hea.csv
204	s25621-3104-05-14-09-34n.hea.csv
308	s25862-3317-08-09-20-38n.hea.csv
852	s25862-3317-08-11-15-29n.hea.csv
1036	s26109-3079-12-31-19-35n.hea.csv
440	s26151-2958-04-15-03-50n.hea.csv
1044	s26156-2854-02-16-19-09n.hea.csv
4	s26221-3495-11-05-20-14n.hea.csv
4	s26380-2646-07-13-18-02n.hea.csv
4	s26421-2703-04-14-16-51n.hea.csv
40	s26472-2737-12-01-10-25n.hea.csv
708	s26472-2737-12-01-18-54n.hea.csv
120	s26511-2667-01-12-20-46n.hea.csv
32	s26519-2865-08-25-16-13n.hea.csv
656	s26519-2865-08-25-21-23n.hea.csv
892	s26519-2865-08-28-15-50n.hea.csv
4	s26604-2966-02-23-18-01n.hea.csv
22928	s26712-2611-12-11-23-48n.hea.csv
22060	s26781-2687-01-02-12-12n.hea.csv
28232	s27337-2978-01-30-20-59n.hea.csv
41580	s27338-2703-01-02-23-04n.hea.csv
9596	s28777-2593-12-27-22-15n.hea.csv
16252	s28789-3254-01-05-19-02n.hea.csv
73156	s28808-3492-01-30-17-34n.hea.csv
118996	s29057-2594-02-26-12-37n.hea.csv
1416	s31405-2676-02-22-13-29n.hea.csv
11984	s32796-3165-02-11-18-46n.hea.csv
